[INFO] 2026-05-25 02:00:01 ✓ Executed: Create video production checklist
[INFO] 2026-05-25 02:00:01 Executed 4/5 proposals
[SUCCESS] 2026-05-25 02:00:01 Committed changes: Self-upgrade: 2026-05-25 02:00:01 - Continuous improvement cycle
[SUCCESS] 2026-05-25 02:00:01 Changes committed successfully
[INFO] 2026-05-25 02:00:01 === Hermes Self-Upgrade Orchestrator Cycle Complete ===
[INFO] 2026-05-25 02:58:18 === Self-Upgrade Orchestrator Started ===
[INFO] 2026-05-25 02:58:18 Loaded env from /home/ec2-user/.hermes/.env
[INFO] 2026-05-25 02:58:18 Script production: 2 total scripts on disk
[INFO] 2026-05-25 02:58:18 Found 1 issues, 2 improvement areas
[WARNING] 2026-05-25 02:58:18   Issue: Competitor data 117h old (2026-05-20_competitors.csv)
[INFO] 2026-05-25 02:58:18   Improve: Only 2 scripts produced — need 90 by June 5
[INFO] 2026-05-25 02:58:18   Improve: Clean up 6 idea list files (keep latest 3)
[INFO] 2026-05-25 02:58:18 Refreshing competitor data...
[SUCCESS] 2026-05-25 02:58:38 Competitor data refreshed
[INFO] 2026-05-25 02:58:38 Cleaned stale file: 2026-05-17_idea_list.md
[INFO] 2026-05-25 02:58:38 Cleaned stale file: 2026-05-18_idea_list.md
[INFO] 2026-05-25 02:58:38 Cleaned stale file: 2026-05-20_idea_list.md
[INFO] 2026-05-25 02:58:38 Cleaned 3 stale files
[INFO] 2026-05-25 02:58:38 Executed 2 improvement actions
[SUCCESS] 2026-05-25 02:58:41 Changes committed and pushed
[INFO] 2026-05-25 02:58:41 === Self-Upgrade Orchestrator Complete ===
[INFO] 2026-05-25 05:00:01 === Self-Upgrade Orchestrator Started ===
[INFO] 2026-05-25 05:00:01 === Self-Upgrade Orchestrator Started ===
[INFO] 2026-05-25 05:00:01 Loaded env from /home/ec2-user/.hermes/.env
[INFO] 2026-05-25 05:00:01 Loaded env from /home/ec2-user/.hermes/.env
[INFO] 2026-05-25 05:00:01 Script production: 2 total scripts on disk
[INFO] 2026-05-25 05:00:01 Script production: 2 total scripts on disk
[INFO] 2026-05-25 05:00:01 Found 0 issues, 1 improvement areas
[INFO] 2026-05-25 05:00:01 Found 0 issues, 1 improvement areas
[INFO] 2026-05-25 05:00:01   Improve: Only 2 scripts produced — need 90 by June 5
[INFO] 2026-05-25 05:00:01   Improve: Only 2 scripts produced — need 90 by June 5
[INFO] 2026-05-25 05:00:01 Executed 0 improvement actions
[INFO] 2026-05-25 05:00:01 Executed 0 improvement actions
[main b26b8db] Self-upgrade: 2026-05-25 05:00 - Daily improvement cycle
 1 file changed, 12 insertions(+)
To github.com:tanishkrai07/hermes-youtube-growth-os.git
   c1b93ef..b26b8db  main -> main
[SUCCESS] 2026-05-25 05:00:04 Changes committed and pushed
[SUCCESS] 2026-05-25 05:00:04 Changes committed and pushed
[INFO] 2026-05-25 05:00:04 === Self-Upgrade Orchestrator Complete ===
[INFO] 2026-05-25 05:00:04 === Self-Upgrade Orchestrator Complete ===
[INFO] 2026-05-26 05:00:01 === Self-Upgrade Orchestrator Started ===
[INFO] 2026-05-26 05:00:01 === Self-Upgrade Orchestrator Started ===
[INFO] 2026-05-26 05:00:01 Loaded env from /home/ec2-user/.hermes/.env
[INFO] 2026-05-26 05:00:01 Loaded env from /home/ec2-user/.hermes/.env
[INFO] 2026-05-26 05:00:01 Script production: 2 total scripts on disk
[INFO] 2026-05-26 05:00:01 Script production: 2 total scripts on disk
[INFO] 2026-05-26 05:00:01 Found 1 issues, 1 improvement areas
[INFO] 2026-05-26 05:00:01 Found 1 issues, 1 improvement areas
[WARNING] 2026-05-26 05:00:01   Issue: Competitor data 26h old (2026-05-25_competitors.csv)
[WARNING] 2026-05-26 05:00:01   Issue: Competitor data 26h old (2026-05-25_competitors.csv)
[INFO] 2026-05-26 05:00:01   Improve: Only 2 scripts produced — need 90 by June 5
[INFO] 2026-05-26 05:00:01   Improve: Only 2 scripts produced — need 90 by June 5
[INFO] 2026-05-26 05:00:01 Refreshing competitor data...
[INFO] 2026-05-26 05:00:01 Refreshing competitor data...
[INFO] 2026-05-26 05:00:01 Hermes Competitor Video Fetcher — 2026-05-26
[INFO] 2026-05-26 05:00:01 Days back: 7
[INFO] 2026-05-26 05:00:01 Output: /home/ec2-user/workspaces/hermes-youtube-growth-os/data/competitors/daily/2026-05-26_competitors.csv
[INFO] 2026-05-26 05:00:01 Loaded 14 channels from watchlist
[INFO] 2026-05-26 05:00:01 Using 1 API key(s)
[INFO] 2026-05-26 05:00:01 Fetching videos published after: 2026-05-19T05:00:01Z
[INFO] 2026-05-26 05:00:01 [1/14] Scanning: Doctor Laura
[INFO] 2026-05-26 05:00:02   Channel ID: UCBLbqhYNAve3LmpThhB4OXA
[INFO] 2026-05-26 05:00:03   Found 3 videos
[INFO] 2026-05-26 05:00:03 [2/14] Scanning: Dr. James Hargrove
[INFO] 2026-05-26 05:00:04   Channel ID: UCc3pBOuX5Y2WuQKnu12axBA
[INFO] 2026-05-26 05:00:05   Found 2 videos
[INFO] 2026-05-26 05:00:05 [3/14] Scanning: Dr. Michael Kent
[INFO] 2026-05-26 05:00:06   Channel ID: UCysWUz-N1hK_JfLJ1nOF7EA
[INFO] 2026-05-26 05:00:07   Found 2 videos
[INFO] 2026-05-26 05:00:07 [4/14] Scanning: Dr. Adewale
[INFO] 2026-05-26 05:00:08   Channel ID: UC5qNIOYcXj-uIh6n5dWfLLg
[INFO] 2026-05-26 05:00:09   Found 3 videos
[INFO] 2026-05-26 05:00:09 [5/14] Scanning: Dr. Sarah Mitchell 60+
[INFO] 2026-05-26 05:00:10   Channel ID: UC46v3Ievkngs-Ul8dv2EYkQ
[INFO] 2026-05-26 05:00:10   Found 0 videos
[INFO] 2026-05-26 05:00:11 [6/14] Scanning: Dr. Favor Adeyemi
[INFO] 2026-05-26 05:00:11   Channel ID: UCFGObgIW0cVgHACFp3sU99w
[INFO] 2026-05-26 05:00:12   Found 1 videos
[INFO] 2026-05-26 05:00:13 [7/14] Scanning: Dr. Rachel Foster
[INFO] 2026-05-26 05:00:13   Channel ID: UCQGXh1VxQxnEPUeSz0Q8AiQ
[WARN] 2026-05-26 05:00:14 HTTP 429 on attempt 1: Too Many Requests
[WARN] 2026-05-26 05:00:16 HTTP 429 on attempt 2: Too Many Requests
[INFO] 2026-05-26 05:00:20   Found 0 videos
[INFO] 2026-05-26 05:00:21 [8/14] Scanning: Doctor Leana
[INFO] 2026-05-26 05:00:21   Channel ID: UCvh3EpakF5OtpZ1JPUCJcmA
[WARN] 2026-05-26 05:00:21 HTTP 429 on attempt 1: Too Many Requests
[WARN] 2026-05-26 05:00:23 HTTP 429 on attempt 2: Too Many Requests
[INFO] 2026-05-26 05:00:28   Found 5 videos
[INFO] 2026-05-26 05:00:29 [9/14] Scanning: Dr. Richard Ben
[INFO] 2026-05-26 05:00:29   Channel ID: UCMCXBqHTLla3gRteO0n9Ukw
[INFO] 2026-05-26 05:00:29   Found 0 videos
[INFO] 2026-05-26 05:00:30 [10/14] Scanning: Dr. Franklin | Senior Health
[WARN] 2026-05-26 05:00:30 Could not extract channel ID from: https://www.youtube.com/@Dr.Franklin-SeniorHealth
[WARN] 2026-05-26 05:00:30   Skipping Dr. Franklin | Senior Health — could not resolve channel ID
[INFO] 2026-05-26 05:00:30 [11/14] Scanning: Mr. Greendude
[INFO] 2026-05-26 05:00:31   Channel ID: UCLVvBoFiBC6oj7mT62GFAEA
[INFO] 2026-05-26 05:00:32   Found 4 videos
[INFO] 2026-05-26 05:00:32 [12/14] Scanning: Doctor Becker
[INFO] 2026-05-26 05:00:33   Channel ID: UCIC3K8LSV5Kwyfa5ad91L9Q
[INFO] 2026-05-26 05:00:34   Found 7 videos
[INFO] 2026-05-26 05:00:34 [13/14] Scanning: Dr. James Cross
[INFO] 2026-05-26 05:00:35   Channel ID: UCe-aTtF5_qu-ejhCk8BYlig
[WARN] 2026-05-26 05:00:35 HTTP 429 on attempt 1: Too Many Requests
[WARN] 2026-05-26 05:00:37 HTTP 429 on attempt 2: Too Many Requests
[WARN] 2026-05-26 05:00:41 HTTP 429 on attempt 3: Too Many Requests
[INFO] 2026-05-26 05:00:50   Found 9 videos
[INFO] 2026-05-26 05:00:51 [14/14] Scanning: Doctor Christopher Carter
[WARN] 2026-05-26 05:00:51 Could not extract channel ID from: https://www.youtube.com/@DoctorChristopherCarter
[WARN] 2026-05-26 05:00:51   Skipping Doctor Christopher Carter — could not resolve channel ID
[INFO] 2026-05-26 05:00:51 Wrote 36 videos to /home/ec2-user/workspaces/hermes-youtube-growth-os/data/competitors/daily/2026-05-26_competitors.csv
[INFO] 2026-05-26 05:00:51 Estimated quota used: 1440 units
[INFO] 2026-05-26 05:00:51 Scan complete — 36 videos from 14 channels
[SUCCESS] 2026-05-26 05:00:51 Competitor data refreshed
[SUCCESS] 2026-05-26 05:00:51 Competitor data refreshed
[INFO] 2026-05-26 05:00:51 Cleaned stale file: 2026-05-21_idea_list.md
[INFO] 2026-05-26 05:00:51 Cleaned stale file: 2026-05-21_idea_list.md
[INFO] 2026-05-26 05:00:51 Cleaned 1 stale files
[INFO] 2026-05-26 05:00:51 Cleaned 1 stale files
[INFO] 2026-05-26 05:00:51 Executed 2 improvement actions
[INFO] 2026-05-26 05:00:51 Executed 2 improvement actions
[main e226b5e] Self-upgrade: 2026-05-26 05:00 - Daily improvement cycle
 6 files changed, 391 insertions(+), 272 deletions(-)
 create mode 100644 data/competitors/daily/2026-05-26_competitors.csv
 delete mode 100644 outputs/reports/2026-05-21_idea_list.md
 create mode 100644 outputs/reports/2026-05-25_idea_list.md
To github.com:tanishkrai07/hermes-youtube-growth-os.git
   b26b8db..e226b5e  main -> main
[SUCCESS] 2026-05-26 05:00:54 Changes committed and pushed
[SUCCESS] 2026-05-26 05:00:54 Changes committed and pushed
[INFO] 2026-05-26 05:00:54 === Self-Upgrade Orchestrator Complete ===
[INFO] 2026-05-26 05:00:54 === Self-Upgrade Orchestrator Complete ===
[INFO] 2026-05-27 05:00:01 === Self-Upgrade Orchestrator Started ===
[INFO] 2026-05-27 05:00:01 === Self-Upgrade Orchestrator Started ===
[INFO] 2026-05-27 05:00:01 Loaded env from /home/ec2-user/.hermes/.env
[INFO] 2026-05-27 05:00:01 Loaded env from /home/ec2-user/.hermes/.env
[INFO] 2026-05-27 05:00:01 Script production: 2 total scripts on disk
[INFO] 2026-05-27 05:00:01 Script production: 2 total scripts on disk
[INFO] 2026-05-27 05:00:01 Found 0 issues, 1 improvement areas
[INFO] 2026-05-27 05:00:01 Found 0 issues, 1 improvement areas
[INFO] 2026-05-27 05:00:01   Improve: Only 2 scripts produced — need 90 by June 5
[INFO] 2026-05-27 05:00:01   Improve: Only 2 scripts produced — need 90 by June 5
[INFO] 2026-05-27 05:00:01 Cleaned stale file: 2026-05-22_idea_list.md
[INFO] 2026-05-27 05:00:01 Cleaned stale file: 2026-05-22_idea_list.md
[INFO] 2026-05-27 05:00:01 Cleaned stale file: 2026-05-17_seo_metadata.md
[INFO] 2026-05-27 05:00:01 Cleaned stale file: 2026-05-17_seo_metadata.md
[INFO] 2026-05-27 05:00:01 Cleaned stale file: 2026-05-17_competitor_scan.md
[INFO] 2026-05-27 05:00:01 Cleaned stale file: 2026-05-17_competitor_scan.md
[INFO] 2026-05-27 05:00:01 Cleaned 3 stale files
[INFO] 2026-05-27 05:00:01 Cleaned 3 stale files
[INFO] 2026-05-27 05:00:01 Executed 1 improvement actions
[INFO] 2026-05-27 05:00:01 Executed 1 improvement actions
